Arguments: 
  C:\Program Files\nodejs\node.exe C:\Users\Hawki\AppData\Local\node\corepack\yarn\1.22.19\bin\yarn.js add rollup-g

PATH: 
  C:\Python312\Scripts\;C:\Python312\;D:\VMworkstation\bin\;C:\Program Files\Java\jdk1.8.0_241\bin;C:\Program Files\Java\jdk1.8.0_241\jre\bin;C:\Program Files (x86)\Common Files\Oracle\Java\javapath;C:\Windows\system32;C:\Windows;C:\Windows\System32\Wbem;C:\Windows\System32\WindowsPowerShell\v1.0\;C:\Windows\System32\OpenSSH\;C:\Program Files (x86)\NVIDIA Corporation\PhysX\Common;C:\Program Files\dotnet\;C:\Program Files\Microsoft SQL Server\Client SDK\ODBC\170\Tools\Binn\;C:\Program Files (x86)\Microsoft SQL Server\100\Tools\Binn\;C:\Program Files\Microsoft SQL Server\100\Tools\Binn\;C:\Program Files\Microsoft SQL Server\100\DTS\Binn\;C:\WINDOWS\system32;C:\WINDOWS;C:\WINDOWS\System32\Wbem;C:\WINDOWS\System32\WindowsPowerShell\v1.0\;C:\WINDOWS\System32\OpenSSH\;D:\Qt\5.9.9\mingw53_32\bin;D:\Xshell\;D:\Xftp 7\;C:\Program Files\MySQL\MySQL Server 5.7\bin;C:\zip;C:\Program Files\MySQL\MySQL Server 5.7\bin;C:\Program Files (x86)\apache-maven-3.8.4-bin\apache-maven-3.8.4\bin;C:\Users\Hawki\Downloads\ArcSoft_ArcFace_Java_Windows_x64_V3.0\libs\WIN64;C:\Program Files (x86)\apache-tomcat-8.5.75\apache-tomcat-8.5.75\lib;C:\Program Files (x86)\apache-tomcat-8.5.75\apache-tomcat-8.5.75\bin;C:\WINDOWS\system32;C:\WINDOWS;C:\WINDOWS\System32\Wbem;C:\WINDOWS\System32\WindowsPowerShell\v1.0\;C:\WINDOWS\System32\OpenSSH\;C:\ProgramData\chocolatey\bin;D:\Program Files\Go\bin;D:\Git\cmd;D:\Redis;D:\ffmpeg-master-latest-win64-gpl-shared\bin;C:\Windows\System32\OpenSSH-Win64;C:\Users\Hawki\Downloads\wix311-binaries;D:\mingw64\bin;C:\Users\Hawki\AppData\Roaming\nvm;C:\Program Files\nodejs;C:\Users\Hawki\.cargo\bin;D:\python\Scripts\;D:\python\;C:\Users\Hawki\AppData\Local\Microsoft\WindowsApps;D:\Program Files\JetBrains\PyCharm Community Edition 2019.2.1\bin;C:\Program Files\Java\jdk1.8.0_241\bin;C:\Program Files\Java\jdk1.8.0_241\jre\bin;C:\Users\Hawki\.dotnet\tools;D:\Qt\5.9.9\mingw53_32\bin;D:\Microsoft VS Code\bin;C:\Program Files\gs\gs9.55.0\bin;C:\zip;C:\Users\Hawki\AppData\Local\Microsoft\WindowsApps;C:\Users\Hawki\go\bin;D:\Program Files\JetBrains\GoLand 2023.1.2\bin;;C:\Users\Hawki\AppData\Roaming\npm;C:\Users\Hawki\AppData\Roaming\nvm;C:\Program Files\nodejs

Yarn version: 
  1.22.19

Node version: 
  20.9.0

Platform: 
  win32 x64

Trace: 
  Error: https://registry.npm.taobao.org/rollup-g: Not found
      at params.callback [as _callback] (C:\Users\Hawki\AppData\Local\node\corepack\yarn\1.22.19\lib\cli.js:66145:18)
      at self.callback (C:\Users\Hawki\AppData\Local\node\corepack\yarn\1.22.19\lib\cli.js:140890:22)
      at Request.emit (node:events:514:28)
      at Request.<anonymous> (C:\Users\Hawki\AppData\Local\node\corepack\yarn\1.22.19\lib\cli.js:141862:10)
      at Request.emit (node:events:514:28)
      at IncomingMessage.<anonymous> (C:\Users\Hawki\AppData\Local\node\corepack\yarn\1.22.19\lib\cli.js:141784:12)
      at Object.onceWrapper (node:events:628:28)
      at IncomingMessage.emit (node:events:526:35)
      at endReadableNT (node:internal/streams/readable:1408:12)
      at process.processTicksAndRejections (node:internal/process/task_queues:82:21)

npm manifest: 
  {
    "name": "yarnTest",
    "version": "1.0.0",
    "main": "index.js",
    "author": "hawkins",
    "license": "mit"
  }

yarn manifest: 
  No manifest

Lockfile: 
  No lockfile
